<?xml version="1.0" encoding="UTF-8"?>
<!-- Generated by org.testng.reporters.JUnitXMLReporter -->
<testsuite ignored="0" hostname="DESKTOP-TT4GVNV" failures="0" tests="4" name="Default test" time="0.123" errors="0" timestamp="2024-03-22T18:43:38 IST">
  <testcase classname="mypack.assessment1.ChromeNew" name="@BeforeMethod selectBrower" time="-1.711113218437E9">
    <failure type="org.testng.TestNGException" message="
Parameter &amp;apos;browser&amp;apos; is required by BeforeMethod on method selectBrower but has not been marked @Optional or defined
in C:\Users\Rashi\AppData\Local\Temp\testng-eclipse--1070683311\testng-customsuite.xml">
      <![CDATA[org.testng.TestNGException: 
Parameter 'browser' is required by BeforeMethod on method selectBrower but has not been marked @Optional or defined
in C:\Users\Rashi\AppData\Local\Temp\testng-eclipse--1070683311\testng-customsuite.xml
at org.testng.internal.Parameters.createParams(Parameters.java:267)
at org.testng.internal.Parameters.createParametersForMethod(Parameters.java:355)
at org.testng.internal.Parameters.createParameters(Parameters.java:684)
at org.testng.internal.Parameters.createConfigurationParameters(Parameters.java:166)
at org.testng.internal.invokers.ConfigInvoker.invokeConfigurations(ConfigInvoker.java:277)
at org.testng.internal.invokers.TestInvoker.runConfigMethods(TestInvoker.java:823)
at org.testng.internal.invokers.TestInvoker.invokeMethod(TestInvoker.java:590)
at org.testng.internal.invokers.TestInvoker.invokeTestMethod(TestInvoker.java:221)
at org.testng.internal.invokers.MethodRunner.runInSequence(MethodRunner.java:50)
at org.testng.internal.invokers.TestInvoker$MethodInvocationAgent.invoke(TestInvoker.java:969)
at org.testng.internal.invokers.TestInvoker.invokeTestMethods(TestInvoker.java:194)
at org.testng.internal.invokers.TestMethodWorker.invokeTestMethods(TestMethodWorker.java:148)
at org.testng.internal.invokers.TestMethodWorker.run(TestMethodWorker.java:128)
at java.base/java.util.ArrayList.forEach(ArrayList.java:1511)
at org.testng.TestRunner.privateRun(TestRunner.java:829)
at org.testng.TestRunner.run(TestRunner.java:602)
at org.testng.SuiteRunner.runTest(SuiteRunner.java:437)
at org.testng.SuiteRunner.runSequentially(SuiteRunner.java:431)
at org.testng.SuiteRunner.privateRun(SuiteRunner.java:391)
at org.testng.SuiteRunner.run(SuiteRunner.java:330)
at org.testng.SuiteRunnerWorker.runSuite(SuiteRunnerWorker.java:52)
at org.testng.SuiteRunnerWorker.run(SuiteRunnerWorker.java:95)
at org.testng.TestNG.runSuitesSequentially(TestNG.java:1256)
at org.testng.TestNG.runSuitesLocally(TestNG.java:1176)
at org.testng.TestNG.runSuites(TestNG.java:1099)
at org.testng.TestNG.run(TestNG.java:1067)
at org.testng.remote.AbstractRemoteTestNG.run(AbstractRemoteTestNG.java:115)
at org.testng.remote.RemoteTestNG.initAndRun(RemoteTestNG.java:251)
at org.testng.remote.RemoteTestNG.main(RemoteTestNG.java:77)
]]>
    </failure>
  </testcase> <!-- @BeforeMethod selectBrower -->
  <testcase classname="mypack.assessment1.ChromeNew" name="@BeforeMethod selectBrower" time="0.0">
    <skipped/>
  </testcase> <!-- @BeforeMethod selectBrower -->
  <testcase classname="mypack.assessment1.ChromeNew" name="@BeforeMethod selectBrower" time="0.0">
    <skipped/>
  </testcase> <!-- @BeforeMethod selectBrower -->
  <testcase classname="mypack.assessment1.ChromeNew" name="@BeforeMethod selectBrower" time="0.0">
    <skipped/>
  </testcase> <!-- @BeforeMethod selectBrower -->
  <testcase classname="mypack.assessment1.ChromeNew" name="maxScreen" time="0.0">
    <skipped/>
  </testcase> <!-- maxScreen -->
  <testcase classname="mypack.assessment1.ChromeNew" name="testSearch" time="0.0">
    <skipped/>
  </testcase> <!-- testSearch -->
  <testcase classname="mypack.assessment1.ChromeNew" name="testLink" time="0.0">
    <skipped/>
  </testcase> <!-- testLink -->
  <testcase classname="mypack.assessment1.ChromeNew" name="testLinkAttributes" time="0.0">
    <skipped/>
  </testcase> <!-- testLinkAttributes -->
</testsuite> <!-- Default test -->
